2022-Sep-29 11:43:09 [restartedMain] INFO  c.a.AopApplication                                 - Starting AopApplication using Java 11.0.16.1 on VARUN-ADHIKARI with PID 20688 (D:\Work\src\aop-logger\target\classes started by adhik in D:\Work\src\aop-logger)
2022-Sep-29 11:43:09 [restartedMain] INFO  c.a.AopApplication                                 - No active profile set, falling back to 1 default profile: "default"
2022-Sep-29 11:43:09 [restartedMain] INFO  o.s.b.d.e.DevToolsPropertyDefaultsPostProcessor    - Devtools property defaults active! Set 'spring.devtools.add-properties' to 'false' to disable
2022-Sep-29 11:43:09 [restartedMain] INFO  o.s.b.d.e.DevToolsPropertyDefaultsPostProcessor    - For additional web related logging consider setting the 'logging.level.web' property to 'DEBUG'
2022-Sep-29 11:43:12 [restartedMain] INFO  o.s.b.w.e.t.TomcatWebServer                        - Tomcat initialized with port(s): 8080 (http)
2022-Sep-29 11:43:12 [restartedMain] INFO  o.a.c.h.Http11NioProtocol                          - Initializing ProtocolHandler ["http-nio-8080"]
2022-Sep-29 11:43:12 [restartedMain] INFO  o.a.c.c.StandardService                            - Starting service [Tomcat]
2022-Sep-29 11:43:12 [restartedMain] INFO  o.a.c.c.StandardEngine                             - Starting Servlet engine: [Apache Tomcat/9.0.65]
2022-Sep-29 11:43:12 [restartedMain] INFO  o.a.c.c.C.[.[.[/]                                  - Initializing Spring embedded WebApplicationContext
2022-Sep-29 11:43:12 [restartedMain] INFO  o.s.b.w.s.c.ServletWebServerApplicationContext     - Root WebApplicationContext: initialization completed in 2790 ms
2022-Sep-29 11:43:13 [restartedMain] INFO  o.s.b.d.a.OptionalLiveReloadServer                 - LiveReload server is running on port 35729
2022-Sep-29 11:43:13 [restartedMain] INFO  o.a.c.h.Http11NioProtocol                          - Starting ProtocolHandler ["http-nio-8080"]
2022-Sep-29 11:43:13 [restartedMain] INFO  o.s.b.w.e.t.TomcatWebServer                        - Tomcat started on port(s): 8080 (http) with context path ''
2022-Sep-29 11:43:13 [restartedMain] INFO  c.a.AopApplication                                 - Started AopApplication in 4.375 seconds (JVM running for 6.251)
2022-Sep-29 11:43:58 [http-nio-8080-exec-1] INFO  o.a.c.c.C.[.[.[/]                                  - Initializing Spring DispatcherServlet 'dispatcherServlet'
2022-Sep-29 11:43:58 [http-nio-8080-exec-1] INFO  o.s.w.s.DispatcherServlet                          - Initializing Servlet 'dispatcherServlet'
2022-Sep-29 11:43:58 [http-nio-8080-exec-1] INFO  o.s.w.s.DispatcherServlet                          - Completed initialization in 2 ms
2022-Sep-29 11:43:58 [http-nio-8080-exec-1] INFO  c.a.a.LoggingAspect$$EnhancerBySpringCGLIB$$7b41d460 -  test aspect 
2022-Sep-29 11:43:58 [http-nio-8080-exec-1] INFO  c.a.a.LoggingAspect$$EnhancerBySpringCGLIB$$7b41d460 -  test aspect for execution(String com.aop.controller.DemoController.hello())
2022-Sep-29 11:49:35 [restartedMain] INFO  c.a.AopApplication                                 - Starting AopApplication using Java 11.0.16.1 on VARUN-ADHIKARI with PID 14452 (D:\Work\src\aop-logger\target\classes started by adhik in D:\Work\src\aop-logger)
2022-Sep-29 11:49:35 [restartedMain] INFO  c.a.AopApplication                                 - No active profile set, falling back to 1 default profile: "default"
2022-Sep-29 11:49:35 [restartedMain] INFO  o.s.b.d.e.DevToolsPropertyDefaultsPostProcessor    - Devtools property defaults active! Set 'spring.devtools.add-properties' to 'false' to disable
2022-Sep-29 11:49:35 [restartedMain] INFO  o.s.b.d.e.DevToolsPropertyDefaultsPostProcessor    - For additional web related logging consider setting the 'logging.level.web' property to 'DEBUG'
2022-Sep-29 11:49:36 [restartedMain] INFO  o.s.b.w.e.t.TomcatWebServer                        - Tomcat initialized with port(s): 8080 (http)
2022-Sep-29 11:49:36 [restartedMain] INFO  o.a.c.h.Http11NioProtocol                          - Initializing ProtocolHandler ["http-nio-8080"]
2022-Sep-29 11:49:36 [restartedMain] INFO  o.a.c.c.StandardService                            - Starting service [Tomcat]
2022-Sep-29 11:49:36 [restartedMain] INFO  o.a.c.c.StandardEngine                             - Starting Servlet engine: [Apache Tomcat/9.0.65]
2022-Sep-29 11:49:37 [restartedMain] INFO  o.a.c.c.C.[.[.[/]                                  - Initializing Spring embedded WebApplicationContext
2022-Sep-29 11:49:37 [restartedMain] INFO  o.s.b.w.s.c.ServletWebServerApplicationContext     - Root WebApplicationContext: initialization completed in 1748 ms
2022-Sep-29 11:49:37 [restartedMain] INFO  o.s.b.d.a.OptionalLiveReloadServer                 - LiveReload server is running on port 35729
2022-Sep-29 11:49:37 [restartedMain] INFO  o.a.c.h.Http11NioProtocol                          - Starting ProtocolHandler ["http-nio-8080"]
2022-Sep-29 11:49:37 [restartedMain] INFO  o.s.b.w.e.t.TomcatWebServer                        - Tomcat started on port(s): 8080 (http) with context path ''
2022-Sep-29 11:49:37 [restartedMain] INFO  c.a.AopApplication                                 - Started AopApplication in 2.924 seconds (JVM running for 4.28)
2022-Sep-29 11:49:46 [http-nio-8080-exec-1] INFO  o.a.c.c.C.[.[.[/]                                  - Initializing Spring DispatcherServlet 'dispatcherServlet'
2022-Sep-29 11:49:46 [http-nio-8080-exec-1] INFO  o.s.w.s.DispatcherServlet                          - Initializing Servlet 'dispatcherServlet'
2022-Sep-29 11:49:46 [http-nio-8080-exec-1] INFO  o.s.w.s.DispatcherServlet                          - Completed initialization in 3 ms
2022-Sep-29 11:49:46 [http-nio-8080-exec-1] INFO  c.a.a.ControllerAspect$$EnhancerBySpringCGLIB$$532f5b7c -  Entering into method method-execution
2022-Sep-29 11:49:46 [http-nio-8080-exec-1] INFO  c.a.a.ControllerAspect$$EnhancerBySpringCGLIB$$532f5b7c -  Exiting from method method-execution
2022-Sep-29 11:50:02 [restartedMain] INFO  c.a.AopApplication                                 - Starting AopApplication using Java 11.0.16.1 on VARUN-ADHIKARI with PID 15556 (D:\Work\src\aop-logger\target\classes started by adhik in D:\Work\src\aop-logger)
2022-Sep-29 11:50:02 [restartedMain] INFO  c.a.AopApplication                                 - No active profile set, falling back to 1 default profile: "default"
2022-Sep-29 11:50:02 [restartedMain] INFO  o.s.b.d.e.DevToolsPropertyDefaultsPostProcessor    - Devtools property defaults active! Set 'spring.devtools.add-properties' to 'false' to disable
2022-Sep-29 11:50:02 [restartedMain] INFO  o.s.b.d.e.DevToolsPropertyDefaultsPostProcessor    - For additional web related logging consider setting the 'logging.level.web' property to 'DEBUG'
2022-Sep-29 11:50:04 [restartedMain] INFO  o.s.b.w.e.t.TomcatWebServer                        - Tomcat initialized with port(s): 8080 (http)
2022-Sep-29 11:50:04 [restartedMain] INFO  o.a.c.h.Http11NioProtocol                          - Initializing ProtocolHandler ["http-nio-8080"]
2022-Sep-29 11:50:04 [restartedMain] INFO  o.a.c.c.StandardService                            - Starting service [Tomcat]
2022-Sep-29 11:50:04 [restartedMain] INFO  o.a.c.c.StandardEngine                             - Starting Servlet engine: [Apache Tomcat/9.0.65]
2022-Sep-29 11:50:04 [restartedMain] INFO  o.a.c.c.C.[.[.[/]                                  - Initializing Spring embedded WebApplicationContext
2022-Sep-29 11:50:04 [restartedMain] INFO  o.s.b.w.s.c.ServletWebServerApplicationContext     - Root WebApplicationContext: initialization completed in 1708 ms
2022-Sep-29 11:50:05 [restartedMain] INFO  o.s.b.d.a.OptionalLiveReloadServer                 - LiveReload server is running on port 35729
2022-Sep-29 11:50:05 [restartedMain] INFO  o.a.c.h.Http11NioProtocol                          - Starting ProtocolHandler ["http-nio-8080"]
2022-Sep-29 11:50:05 [restartedMain] INFO  o.s.b.w.e.t.TomcatWebServer                        - Tomcat started on port(s): 8080 (http) with context path ''
2022-Sep-29 11:50:05 [restartedMain] INFO  c.a.AopApplication                                 - Started AopApplication in 2.756 seconds (JVM running for 8.032)
2022-Sep-29 11:50:09 [http-nio-8080-exec-2] INFO  o.a.c.c.C.[.[.[/]                                  - Initializing Spring DispatcherServlet 'dispatcherServlet'
2022-Sep-29 11:50:09 [http-nio-8080-exec-2] INFO  o.s.w.s.DispatcherServlet                          - Initializing Servlet 'dispatcherServlet'
2022-Sep-29 11:50:09 [http-nio-8080-exec-2] INFO  o.s.w.s.DispatcherServlet                          - Completed initialization in 1 ms
2022-Sep-29 11:50:52 [http-nio-8080-exec-2] INFO  c.a.a.ControllerAspect$$EnhancerBySpringCGLIB$$ede72b68 -  Entering into method method-execution
2022-Sep-29 11:50:52 [http-nio-8080-exec-2] INFO  c.a.a.ControllerAspect$$EnhancerBySpringCGLIB$$ede72b68 -  Exiting from method method-execution
2022-Sep-29 11:51:22 [restartedMain] INFO  c.a.AopApplication                                 - Starting AopApplication using Java 11.0.16.1 on VARUN-ADHIKARI with PID 22604 (D:\Work\src\aop-logger\target\classes started by adhik in D:\Work\src\aop-logger)
2022-Sep-29 11:51:22 [restartedMain] INFO  c.a.AopApplication                                 - No active profile set, falling back to 1 default profile: "default"
2022-Sep-29 11:51:23 [restartedMain] INFO  o.s.b.d.e.DevToolsPropertyDefaultsPostProcessor    - Devtools property defaults active! Set 'spring.devtools.add-properties' to 'false' to disable
2022-Sep-29 11:51:23 [restartedMain] INFO  o.s.b.d.e.DevToolsPropertyDefaultsPostProcessor    - For additional web related logging consider setting the 'logging.level.web' property to 'DEBUG'
2022-Sep-29 11:51:24 [restartedMain] INFO  o.s.b.w.e.t.TomcatWebServer                        - Tomcat initialized with port(s): 8080 (http)
2022-Sep-29 11:51:24 [restartedMain] INFO  o.a.c.h.Http11NioProtocol                          - Initializing ProtocolHandler ["http-nio-8080"]
2022-Sep-29 11:51:24 [restartedMain] INFO  o.a.c.c.StandardService                            - Starting service [Tomcat]
2022-Sep-29 11:51:24 [restartedMain] INFO  o.a.c.c.StandardEngine                             - Starting Servlet engine: [Apache Tomcat/9.0.65]
2022-Sep-29 11:51:24 [restartedMain] INFO  o.a.c.c.C.[.[.[/]                                  - Initializing Spring embedded WebApplicationContext
2022-Sep-29 11:51:24 [restartedMain] INFO  o.s.b.w.s.c.ServletWebServerApplicationContext     - Root WebApplicationContext: initialization completed in 1886 ms
2022-Sep-29 11:51:25 [restartedMain] INFO  o.s.b.d.a.OptionalLiveReloadServer                 - LiveReload server is running on port 35729
2022-Sep-29 11:51:25 [restartedMain] INFO  o.a.c.h.Http11NioProtocol                          - Starting ProtocolHandler ["http-nio-8080"]
2022-Sep-29 11:51:25 [restartedMain] INFO  o.s.b.w.e.t.TomcatWebServer                        - Tomcat started on port(s): 8080 (http) with context path ''
2022-Sep-29 11:51:25 [restartedMain] INFO  c.a.AopApplication                                 - Started AopApplication in 3.312 seconds (JVM running for 4.792)
2022-Sep-29 11:51:28 [http-nio-8080-exec-2] INFO  o.a.c.c.C.[.[.[/]                                  - Initializing Spring DispatcherServlet 'dispatcherServlet'
2022-Sep-29 11:51:28 [http-nio-8080-exec-2] INFO  o.s.w.s.DispatcherServlet                          - Initializing Servlet 'dispatcherServlet'
2022-Sep-29 11:51:28 [http-nio-8080-exec-2] INFO  o.s.w.s.DispatcherServlet                          - Completed initialization in 1 ms
2022-Sep-29 11:51:28 [http-nio-8080-exec-2] INFO  c.a.a.ControllerAspect$$EnhancerBySpringCGLIB$$62ae6a43 -  Entering into method hello
2022-Sep-29 11:51:28 [http-nio-8080-exec-2] INFO  c.a.a.ControllerAspect$$EnhancerBySpringCGLIB$$62ae6a43 -  Exiting from method hello
2022-Sep-29 11:53:20 [restartedMain] INFO  c.a.AopApplication                                 - Starting AopApplication using Java 11.0.16.1 on VARUN-ADHIKARI with PID 13476 (D:\Work\src\aop-logger\target\classes started by adhik in D:\Work\src\aop-logger)
2022-Sep-29 11:53:20 [restartedMain] INFO  c.a.AopApplication                                 - No active profile set, falling back to 1 default profile: "default"
2022-Sep-29 11:53:20 [restartedMain] INFO  o.s.b.d.e.DevToolsPropertyDefaultsPostProcessor    - Devtools property defaults active! Set 'spring.devtools.add-properties' to 'false' to disable
2022-Sep-29 11:53:20 [restartedMain] INFO  o.s.b.d.e.DevToolsPropertyDefaultsPostProcessor    - For additional web related logging consider setting the 'logging.level.web' property to 'DEBUG'
2022-Sep-29 11:53:21 [restartedMain] INFO  o.s.b.w.e.t.TomcatWebServer                        - Tomcat initialized with port(s): 8080 (http)
2022-Sep-29 11:53:21 [restartedMain] INFO  o.a.c.h.Http11NioProtocol                          - Initializing ProtocolHandler ["http-nio-8080"]
2022-Sep-29 11:53:21 [restartedMain] INFO  o.a.c.c.StandardService                            - Starting service [Tomcat]
2022-Sep-29 11:53:21 [restartedMain] INFO  o.a.c.c.StandardEngine                             - Starting Servlet engine: [Apache Tomcat/9.0.65]
2022-Sep-29 11:53:21 [restartedMain] INFO  o.a.c.c.C.[.[.[/]                                  - Initializing Spring embedded WebApplicationContext
2022-Sep-29 11:53:21 [restartedMain] INFO  o.s.b.w.s.c.ServletWebServerApplicationContext     - Root WebApplicationContext: initialization completed in 1832 ms
2022-Sep-29 11:53:22 [restartedMain] INFO  o.s.b.d.a.OptionalLiveReloadServer                 - LiveReload server is running on port 35729
2022-Sep-29 11:53:22 [restartedMain] INFO  o.a.c.h.Http11NioProtocol                          - Starting ProtocolHandler ["http-nio-8080"]
2022-Sep-29 11:53:22 [restartedMain] INFO  o.s.b.w.e.t.TomcatWebServer                        - Tomcat started on port(s): 8080 (http) with context path ''
2022-Sep-29 11:53:22 [restartedMain] INFO  c.a.AopApplication                                 - Started AopApplication in 3.177 seconds (JVM running for 4.363)
2022-Sep-29 11:53:29 [http-nio-8080-exec-1] INFO  o.a.c.c.C.[.[.[/]                                  - Initializing Spring DispatcherServlet 'dispatcherServlet'
2022-Sep-29 11:53:29 [http-nio-8080-exec-1] INFO  o.s.w.s.DispatcherServlet                          - Initializing Servlet 'dispatcherServlet'
2022-Sep-29 11:53:29 [http-nio-8080-exec-1] INFO  o.s.w.s.DispatcherServlet                          - Completed initialization in 3 ms
2022-Sep-29 11:53:29 [http-nio-8080-exec-1] INFO  c.a.a.ControllerAspect$$EnhancerBySpringCGLIB$$bbfba60d -  Entering into method hello of class org.springframework.aop.aspectj.MethodInvocationProceedingJoinPoint
2022-Sep-29 11:53:29 [http-nio-8080-exec-1] INFO  c.a.a.ControllerAspect$$EnhancerBySpringCGLIB$$bbfba60d -  Exiting from method hello of class org.springframework.aop.aspectj.MethodInvocationProceedingJoinPoint
2022-Sep-29 11:53:57 [restartedMain] INFO  c.a.AopApplication                                 - Starting AopApplication using Java 11.0.16.1 on VARUN-ADHIKARI with PID 5408 (D:\Work\src\aop-logger\target\classes started by adhik in D:\Work\src\aop-logger)
2022-Sep-29 11:53:57 [restartedMain] INFO  c.a.AopApplication                                 - No active profile set, falling back to 1 default profile: "default"
2022-Sep-29 11:53:57 [restartedMain] INFO  o.s.b.d.e.DevToolsPropertyDefaultsPostProcessor    - Devtools property defaults active! Set 'spring.devtools.add-properties' to 'false' to disable
2022-Sep-29 11:53:57 [restartedMain] INFO  o.s.b.d.e.DevToolsPropertyDefaultsPostProcessor    - For additional web related logging consider setting the 'logging.level.web' property to 'DEBUG'
2022-Sep-29 11:53:59 [restartedMain] INFO  o.s.b.w.e.t.TomcatWebServer                        - Tomcat initialized with port(s): 8080 (http)
2022-Sep-29 11:53:59 [restartedMain] INFO  o.a.c.h.Http11NioProtocol                          - Initializing ProtocolHandler ["http-nio-8080"]
2022-Sep-29 11:53:59 [restartedMain] INFO  o.a.c.c.StandardService                            - Starting service [Tomcat]
2022-Sep-29 11:53:59 [restartedMain] INFO  o.a.c.c.StandardEngine                             - Starting Servlet engine: [Apache Tomcat/9.0.65]
2022-Sep-29 11:53:59 [restartedMain] INFO  o.a.c.c.C.[.[.[/]                                  - Initializing Spring embedded WebApplicationContext
2022-Sep-29 11:53:59 [restartedMain] INFO  o.s.b.w.s.c.ServletWebServerApplicationContext     - Root WebApplicationContext: initialization completed in 1814 ms
2022-Sep-29 11:54:00 [restartedMain] INFO  o.s.b.d.a.OptionalLiveReloadServer                 - LiveReload server is running on port 35729
2022-Sep-29 11:54:00 [restartedMain] INFO  o.a.c.h.Http11NioProtocol                          - Starting ProtocolHandler ["http-nio-8080"]
2022-Sep-29 11:54:00 [restartedMain] INFO  o.s.b.w.e.t.TomcatWebServer                        - Tomcat started on port(s): 8080 (http) with context path ''
2022-Sep-29 11:54:00 [restartedMain] INFO  c.a.AopApplication                                 - Started AopApplication in 3.276 seconds (JVM running for 4.273)
2022-Sep-29 11:54:03 [http-nio-8080-exec-2] INFO  o.a.c.c.C.[.[.[/]                                  - Initializing Spring DispatcherServlet 'dispatcherServlet'
2022-Sep-29 11:54:03 [http-nio-8080-exec-2] INFO  o.s.w.s.DispatcherServlet                          - Initializing Servlet 'dispatcherServlet'
2022-Sep-29 11:54:03 [http-nio-8080-exec-2] INFO  o.s.w.s.DispatcherServlet                          - Completed initialization in 1 ms
2022-Sep-29 11:54:03 [http-nio-8080-exec-2] INFO  c.a.a.ControllerAspect$$EnhancerBySpringCGLIB$$a55ba5aa -  Entering into method hello of class org.springframework.aop.aspectj.MethodInvocationProceedingJoinPoint$MethodSignatureImpl
2022-Sep-29 11:54:03 [http-nio-8080-exec-2] INFO  c.a.a.ControllerAspect$$EnhancerBySpringCGLIB$$a55ba5aa -  Exiting from method hello of class org.springframework.aop.aspectj.MethodInvocationProceedingJoinPoint$MethodSignatureImpl
2022-Sep-29 11:54:26 [restartedMain] INFO  c.a.AopApplication                                 - Starting AopApplication using Java 11.0.16.1 on VARUN-ADHIKARI with PID 5604 (D:\Work\src\aop-logger\target\classes started by adhik in D:\Work\src\aop-logger)
2022-Sep-29 11:54:26 [restartedMain] INFO  c.a.AopApplication                                 - No active profile set, falling back to 1 default profile: "default"
2022-Sep-29 11:54:26 [restartedMain] INFO  o.s.b.d.e.DevToolsPropertyDefaultsPostProcessor    - Devtools property defaults active! Set 'spring.devtools.add-properties' to 'false' to disable
2022-Sep-29 11:54:26 [restartedMain] INFO  o.s.b.d.e.DevToolsPropertyDefaultsPostProcessor    - For additional web related logging consider setting the 'logging.level.web' property to 'DEBUG'
2022-Sep-29 11:54:28 [restartedMain] INFO  o.s.b.w.e.t.TomcatWebServer                        - Tomcat initialized with port(s): 8080 (http)
2022-Sep-29 11:54:28 [restartedMain] INFO  o.a.c.h.Http11NioProtocol                          - Initializing ProtocolHandler ["http-nio-8080"]
2022-Sep-29 11:54:28 [restartedMain] INFO  o.a.c.c.StandardService                            - Starting service [Tomcat]
2022-Sep-29 11:54:28 [restartedMain] INFO  o.a.c.c.StandardEngine                             - Starting Servlet engine: [Apache Tomcat/9.0.65]
2022-Sep-29 11:54:29 [restartedMain] INFO  o.a.c.c.C.[.[.[/]                                  - Initializing Spring embedded WebApplicationContext
2022-Sep-29 11:54:29 [restartedMain] INFO  o.s.b.w.s.c.ServletWebServerApplicationContext     - Root WebApplicationContext: initialization completed in 2156 ms
2022-Sep-29 11:54:30 [restartedMain] INFO  o.s.b.d.a.OptionalLiveReloadServer                 - LiveReload server is running on port 35729
2022-Sep-29 11:54:30 [restartedMain] INFO  o.a.c.h.Http11NioProtocol                          - Starting ProtocolHandler ["http-nio-8080"]
2022-Sep-29 11:54:30 [restartedMain] INFO  o.s.b.w.e.t.TomcatWebServer                        - Tomcat started on port(s): 8080 (http) with context path ''
2022-Sep-29 11:54:30 [restartedMain] INFO  c.a.AopApplication                                 - Started AopApplication in 3.788 seconds (JVM running for 5.298)
2022-Sep-29 11:54:34 [http-nio-8080-exec-1] INFO  o.a.c.c.C.[.[.[/]                                  - Initializing Spring DispatcherServlet 'dispatcherServlet'
2022-Sep-29 11:54:34 [http-nio-8080-exec-1] INFO  o.s.w.s.DispatcherServlet                          - Initializing Servlet 'dispatcherServlet'
2022-Sep-29 11:54:34 [http-nio-8080-exec-1] INFO  o.s.w.s.DispatcherServlet                          - Completed initialization in 1 ms
2022-Sep-29 11:55:06 [http-nio-8080-exec-1] INFO  c.a.a.ControllerAspect$$EnhancerBySpringCGLIB$$759d8d41 -  Entering into method hello of class org.springframework.aop.aspectj.MethodInvocationProceedingJoinPoint$MethodSignatureImpl
2022-Sep-29 11:55:06 [http-nio-8080-exec-1] INFO  c.a.a.ControllerAspect$$EnhancerBySpringCGLIB$$759d8d41 -  Exiting from method hello of class org.springframework.aop.aspectj.MethodInvocationProceedingJoinPoint$MethodSignatureImpl
2022-Sep-29 11:55:42 [restartedMain] INFO  c.a.AopApplication                                 - Starting AopApplication using Java 11.0.16.1 on VARUN-ADHIKARI with PID 9136 (D:\Work\src\aop-logger\target\classes started by adhik in D:\Work\src\aop-logger)
2022-Sep-29 11:55:42 [restartedMain] INFO  c.a.AopApplication                                 - No active profile set, falling back to 1 default profile: "default"
2022-Sep-29 11:55:42 [restartedMain] INFO  o.s.b.d.e.DevToolsPropertyDefaultsPostProcessor    - Devtools property defaults active! Set 'spring.devtools.add-properties' to 'false' to disable
2022-Sep-29 11:55:42 [restartedMain] INFO  o.s.b.d.e.DevToolsPropertyDefaultsPostProcessor    - For additional web related logging consider setting the 'logging.level.web' property to 'DEBUG'
2022-Sep-29 11:55:44 [restartedMain] INFO  o.s.b.w.e.t.TomcatWebServer                        - Tomcat initialized with port(s): 8080 (http)
2022-Sep-29 11:55:44 [restartedMain] INFO  o.a.c.h.Http11NioProtocol                          - Initializing ProtocolHandler ["http-nio-8080"]
2022-Sep-29 11:55:44 [restartedMain] INFO  o.a.c.c.StandardService                            - Starting service [Tomcat]
2022-Sep-29 11:55:44 [restartedMain] INFO  o.a.c.c.StandardEngine                             - Starting Servlet engine: [Apache Tomcat/9.0.65]
2022-Sep-29 11:55:44 [restartedMain] INFO  o.a.c.c.C.[.[.[/]                                  - Initializing Spring embedded WebApplicationContext
2022-Sep-29 11:55:44 [restartedMain] INFO  o.s.b.w.s.c.ServletWebServerApplicationContext     - Root WebApplicationContext: initialization completed in 1979 ms
2022-Sep-29 11:55:45 [restartedMain] INFO  o.s.b.d.a.OptionalLiveReloadServer                 - LiveReload server is running on port 35729
2022-Sep-29 11:55:45 [restartedMain] INFO  o.a.c.h.Http11NioProtocol                          - Starting ProtocolHandler ["http-nio-8080"]
2022-Sep-29 11:55:45 [restartedMain] INFO  o.s.b.w.e.t.TomcatWebServer                        - Tomcat started on port(s): 8080 (http) with context path ''
2022-Sep-29 11:55:45 [restartedMain] INFO  c.a.AopApplication                                 - Started AopApplication in 3.521 seconds (JVM running for 5.033)
2022-Sep-29 11:55:49 [http-nio-8080-exec-2] INFO  o.a.c.c.C.[.[.[/]                                  - Initializing Spring DispatcherServlet 'dispatcherServlet'
2022-Sep-29 11:55:49 [http-nio-8080-exec-2] INFO  o.s.w.s.DispatcherServlet                          - Initializing Servlet 'dispatcherServlet'
2022-Sep-29 11:55:49 [http-nio-8080-exec-2] INFO  o.s.w.s.DispatcherServlet                          - Completed initialization in 1 ms
2022-Sep-29 11:55:53 [http-nio-8080-exec-2] INFO  c.a.a.ControllerAspect$$EnhancerBySpringCGLIB$$59a50ec0 -  Entering into method hello of class com.aop.controller.DemoController
2022-Sep-29 11:55:53 [http-nio-8080-exec-2] INFO  c.a.a.ControllerAspect$$EnhancerBySpringCGLIB$$59a50ec0 -  Exiting from method hello of class com.aop.controller.DemoController
2022-Sep-29 11:58:38 [main] INFO  o.s.b.t.c.SpringBootTestContextBootstrapper        - Neither @ContextConfiguration nor @ContextHierarchy found for test class [com.aop.AopApplicationTests], using SpringBootContextLoader
2022-Sep-29 11:58:38 [main] INFO  o.s.t.c.s.AbstractContextLoader                    - Could not detect default resource locations for test class [com.aop.AopApplicationTests]: no resource found for suffixes {-context.xml, Context.groovy}.
2022-Sep-29 11:58:38 [main] INFO  o.s.t.c.s.AnnotationConfigContextLoaderUtils       - Could not detect default configuration classes for test class [com.aop.AopApplicationTests]: AopApplicationTests does not declare any static, non-private, non-final, nested classes annotated with @Configuration.
2022-Sep-29 11:58:39 [main] INFO  o.s.b.t.c.SpringBootTestContextBootstrapper        - Found @SpringBootConfiguration com.aop.app.AopApplication for test class com.aop.AopApplicationTests
2022-Sep-29 11:58:39 [main] INFO  o.s.b.t.c.SpringBootTestContextBootstrapper        - Loaded default TestExecutionListener class names from location [META-INF/spring.factories]: [org.springframework.boot.test.mock.mockito.MockitoTestExecutionListener, org.springframework.boot.test.mock.mockito.ResetMocksTestExecutionListener, org.springframework.boot.test.autoconfigure.restdocs.RestDocsTestExecutionListener, org.springframework.boot.test.autoconfigure.web.client.MockRestServiceServerResetTestExecutionListener, org.springframework.boot.test.autoconfigure.web.servlet.MockMvcPrintOnlyOnFailureTestExecutionListener, org.springframework.boot.test.autoconfigure.web.servlet.WebDriverTestExecutionListener, org.springframework.boot.test.autoconfigure.webservices.client.MockWebServiceServerTestExecutionListener, org.springframework.test.context.web.ServletTestExecutionListener, org.springframework.test.context.support.DirtiesContextBeforeModesTestExecutionListener, org.springframework.test.context.event.ApplicationEventsTestExecutionListener, org.springframework.test.context.support.DependencyInjectionTestExecutionListener, org.springframework.test.context.support.DirtiesContextTestExecutionListener, org.springframework.test.context.transaction.TransactionalTestExecutionListener, org.springframework.test.context.jdbc.SqlScriptsTestExecutionListener, org.springframework.test.context.event.EventPublishingTestExecutionListener]
2022-Sep-29 11:58:39 [main] INFO  o.s.b.t.c.SpringBootTestContextBootstrapper        - Using TestExecutionListeners: [org.springframework.test.context.web.ServletTestExecutionListener@6a9287b1, org.springframework.test.context.support.DirtiesContextBeforeModesTestExecutionListener@75504cef, org.springframework.test.context.event.ApplicationEventsTestExecutionListener@6c8a68c1, org.springframework.boot.test.mock.mockito.MockitoTestExecutionListener@56193c7d, org.springframework.boot.test.autoconfigure.SpringBootDependencyInjectionTestExecutionListener@28c88600, org.springframework.test.context.support.DirtiesContextTestExecutionListener@5f8890c2, org.springframework.test.context.event.EventPublishingTestExecutionListener@607b2792, org.springframework.boot.test.mock.mockito.ResetMocksTestExecutionListener@7f9e1534, org.springframework.boot.test.autoconfigure.restdocs.RestDocsTestExecutionListener@138a7441, org.springframework.boot.test.autoconfigure.web.client.MockRestServiceServerResetTestExecutionListener@81ff872, org.springframework.boot.test.autoconfigure.web.servlet.MockMvcPrintOnlyOnFailureTestExecutionListener@31611954, org.springframework.boot.test.autoconfigure.web.servlet.WebDriverTestExecutionListener@3e598df9, org.springframework.boot.test.autoconfigure.webservices.client.MockWebServiceServerTestExecutionListener@7e31ce0f]
2022-Sep-29 11:58:39 [main] INFO  c.a.AopApplicationTests                            - Starting AopApplicationTests using Java 11.0.16.1 on VARUN-ADHIKARI with PID 15408 (started by adhik in D:\Work\src\aop-logger)
2022-Sep-29 11:58:39 [main] INFO  c.a.AopApplicationTests                            - No active profile set, falling back to 1 default profile: "default"
2022-Sep-29 11:58:41 [main] INFO  c.a.AopApplicationTests                            - Started AopApplicationTests in 2.045 seconds (JVM running for 5.193)
2022-Sep-29 12:09:02 [main] INFO  o.s.b.t.c.SpringBootTestContextBootstrapper        - Neither @ContextConfiguration nor @ContextHierarchy found for test class [com.aop.AopApplicationTests], using SpringBootContextLoader
2022-Sep-29 12:09:02 [main] INFO  o.s.t.c.s.AbstractContextLoader                    - Could not detect default resource locations for test class [com.aop.AopApplicationTests]: no resource found for suffixes {-context.xml, Context.groovy}.
2022-Sep-29 12:09:02 [main] INFO  o.s.t.c.s.AnnotationConfigContextLoaderUtils       - Could not detect default configuration classes for test class [com.aop.AopApplicationTests]: AopApplicationTests does not declare any static, non-private, non-final, nested classes annotated with @Configuration.
2022-Sep-29 12:09:03 [main] INFO  o.s.b.t.c.SpringBootTestContextBootstrapper        - Found @SpringBootConfiguration com.aop.app.AopApplication for test class com.aop.AopApplicationTests
2022-Sep-29 12:09:03 [main] INFO  o.s.b.t.c.SpringBootTestContextBootstrapper        - Loaded default TestExecutionListener class names from location [META-INF/spring.factories]: [org.springframework.boot.test.mock.mockito.MockitoTestExecutionListener, org.springframework.boot.test.mock.mockito.ResetMocksTestExecutionListener, org.springframework.boot.test.autoconfigure.restdocs.RestDocsTestExecutionListener, org.springframework.boot.test.autoconfigure.web.client.MockRestServiceServerResetTestExecutionListener, org.springframework.boot.test.autoconfigure.web.servlet.MockMvcPrintOnlyOnFailureTestExecutionListener, org.springframework.boot.test.autoconfigure.web.servlet.WebDriverTestExecutionListener, org.springframework.boot.test.autoconfigure.webservices.client.MockWebServiceServerTestExecutionListener, org.springframework.test.context.web.ServletTestExecutionListener, org.springframework.test.context.support.DirtiesContextBeforeModesTestExecutionListener, org.springframework.test.context.event.ApplicationEventsTestExecutionListener, org.springframework.test.context.support.DependencyInjectionTestExecutionListener, org.springframework.test.context.support.DirtiesContextTestExecutionListener, org.springframework.test.context.transaction.TransactionalTestExecutionListener, org.springframework.test.context.jdbc.SqlScriptsTestExecutionListener, org.springframework.test.context.event.EventPublishingTestExecutionListener]
2022-Sep-29 12:09:03 [main] INFO  o.s.b.t.c.SpringBootTestContextBootstrapper        - Using TestExecutionListeners: [org.springframework.test.context.web.ServletTestExecutionListener@6a9287b1, org.springframework.test.context.support.DirtiesContextBeforeModesTestExecutionListener@75504cef, org.springframework.test.context.event.ApplicationEventsTestExecutionListener@6c8a68c1, org.springframework.boot.test.mock.mockito.MockitoTestExecutionListener@56193c7d, org.springframework.boot.test.autoconfigure.SpringBootDependencyInjectionTestExecutionListener@28c88600, org.springframework.test.context.support.DirtiesContextTestExecutionListener@5f8890c2, org.springframework.test.context.event.EventPublishingTestExecutionListener@607b2792, org.springframework.boot.test.mock.mockito.ResetMocksTestExecutionListener@7f9e1534, org.springframework.boot.test.autoconfigure.restdocs.RestDocsTestExecutionListener@138a7441, org.springframework.boot.test.autoconfigure.web.client.MockRestServiceServerResetTestExecutionListener@81ff872, org.springframework.boot.test.autoconfigure.web.servlet.MockMvcPrintOnlyOnFailureTestExecutionListener@31611954, org.springframework.boot.test.autoconfigure.web.servlet.WebDriverTestExecutionListener@3e598df9, org.springframework.boot.test.autoconfigure.webservices.client.MockWebServiceServerTestExecutionListener@7e31ce0f]
2022-Sep-29 12:09:03 [main] INFO  c.a.AopApplicationTests                            - Starting AopApplicationTests using Java 11.0.16.1 on VARUN-ADHIKARI with PID 9968 (started by adhik in D:\Work\src\aop-logger)
2022-Sep-29 12:09:03 [main] INFO  c.a.AopApplicationTests                            - No active profile set, falling back to 1 default profile: "default"
2022-Sep-29 12:09:05 [main] INFO  c.a.AopApplicationTests                            - Started AopApplicationTests in 2.095 seconds (JVM running for 3.805)
2022-Sep-29 12:26:15 [main] INFO  o.s.b.t.c.SpringBootTestContextBootstrapper        - Neither @ContextConfiguration nor @ContextHierarchy found for test class [com.aop.AopApplicationTests], using SpringBootContextLoader
2022-Sep-29 12:26:15 [main] INFO  o.s.t.c.s.AbstractContextLoader                    - Could not detect default resource locations for test class [com.aop.AopApplicationTests]: no resource found for suffixes {-context.xml, Context.groovy}.
2022-Sep-29 12:26:15 [main] INFO  o.s.t.c.s.AnnotationConfigContextLoaderUtils       - Could not detect default configuration classes for test class [com.aop.AopApplicationTests]: AopApplicationTests does not declare any static, non-private, non-final, nested classes annotated with @Configuration.
2022-Sep-29 12:26:15 [main] INFO  o.s.b.t.c.SpringBootTestContextBootstrapper        - Found @SpringBootConfiguration com.aop.app.AopApplication for test class com.aop.AopApplicationTests
2022-Sep-29 12:26:15 [main] INFO  o.s.b.t.c.SpringBootTestContextBootstrapper        - Loaded default TestExecutionListener class names from location [META-INF/spring.factories]: [org.springframework.boot.test.mock.mockito.MockitoTestExecutionListener, org.springframework.boot.test.mock.mockito.ResetMocksTestExecutionListener, org.springframework.boot.test.autoconfigure.restdocs.RestDocsTestExecutionListener, org.springframework.boot.test.autoconfigure.web.client.MockRestServiceServerResetTestExecutionListener, org.springframework.boot.test.autoconfigure.web.servlet.MockMvcPrintOnlyOnFailureTestExecutionListener, org.springframework.boot.test.autoconfigure.web.servlet.WebDriverTestExecutionListener, org.springframework.boot.test.autoconfigure.webservices.client.MockWebServiceServerTestExecutionListener, org.springframework.test.context.web.ServletTestExecutionListener, org.springframework.test.context.support.DirtiesContextBeforeModesTestExecutionListener, org.springframework.test.context.event.ApplicationEventsTestExecutionListener, org.springframework.test.context.support.DependencyInjectionTestExecutionListener, org.springframework.test.context.support.DirtiesContextTestExecutionListener, org.springframework.test.context.transaction.TransactionalTestExecutionListener, org.springframework.test.context.jdbc.SqlScriptsTestExecutionListener, org.springframework.test.context.event.EventPublishingTestExecutionListener]
2022-Sep-29 12:26:15 [main] INFO  o.s.b.t.c.SpringBootTestContextBootstrapper        - Using TestExecutionListeners: [org.springframework.test.context.web.ServletTestExecutionListener@6a9287b1, org.springframework.test.context.support.DirtiesContextBeforeModesTestExecutionListener@75504cef, org.springframework.test.context.event.ApplicationEventsTestExecutionListener@6c8a68c1, org.springframework.boot.test.mock.mockito.MockitoTestExecutionListener@56193c7d, org.springframework.boot.test.autoconfigure.SpringBootDependencyInjectionTestExecutionListener@28c88600, org.springframework.test.context.support.DirtiesContextTestExecutionListener@5f8890c2, org.springframework.test.context.event.EventPublishingTestExecutionListener@607b2792, org.springframework.boot.test.mock.mockito.ResetMocksTestExecutionListener@7f9e1534, org.springframework.boot.test.autoconfigure.restdocs.RestDocsTestExecutionListener@138a7441, org.springframework.boot.test.autoconfigure.web.client.MockRestServiceServerResetTestExecutionListener@81ff872, org.springframework.boot.test.autoconfigure.web.servlet.MockMvcPrintOnlyOnFailureTestExecutionListener@31611954, org.springframework.boot.test.autoconfigure.web.servlet.WebDriverTestExecutionListener@3e598df9, org.springframework.boot.test.autoconfigure.webservices.client.MockWebServiceServerTestExecutionListener@7e31ce0f]
2022-Sep-29 12:26:16 [main] INFO  c.a.AopApplicationTests                            - Starting AopApplicationTests using Java 11.0.16.1 on VARUN-ADHIKARI with PID 21432 (started by adhik in D:\Work\src\aop-logger)
2022-Sep-29 12:26:16 [main] INFO  c.a.AopApplicationTests                            - No active profile set, falling back to 1 default profile: "default"
2022-Sep-29 12:26:18 [main] INFO  c.a.AopApplicationTests                            - Started AopApplicationTests in 2.483 seconds (JVM running for 5.359)
